2021-04-07 17:01:25,277 INFO o.a.j.u.JMeterUtils: Setting Locale to en_EN
2021-04-07 17:01:25,326 INFO o.a.j.JMeter: Loading user properties from: /Users/lingen/SOFT/apache-jmeter-5.4.1/bin/user.properties
2021-04-07 17:01:25,327 INFO o.a.j.JMeter: Loading system properties from: /Users/lingen/SOFT/apache-jmeter-5.4.1/bin/system.properties
2021-04-07 17:01:25,342 INFO o.a.j.JMeter: Copyright (c) 1998-2021 The Apache Software Foundation
2021-04-07 17:01:25,342 INFO o.a.j.JMeter: Version 5.4.1
2021-04-07 17:01:25,342 INFO o.a.j.JMeter: java.version=11.0.10
2021-04-07 17:01:25,343 INFO o.a.j.JMeter: java.vm.name=OpenJDK 64-Bit Server VM
2021-04-07 17:01:25,343 INFO o.a.j.JMeter: os.name=Mac OS X
2021-04-07 17:01:25,343 INFO o.a.j.JMeter: os.arch=x86_64
2021-04-07 17:01:25,343 INFO o.a.j.JMeter: os.version=10.16
2021-04-07 17:01:25,343 INFO o.a.j.JMeter: file.encoding=UTF-8
2021-04-07 17:01:25,343 INFO o.a.j.JMeter: java.awt.headless=null
2021-04-07 17:01:25,344 INFO o.a.j.JMeter: Max memory     =1073741824
2021-04-07 17:01:25,344 INFO o.a.j.JMeter: Available Processors =4
2021-04-07 17:01:25,412 INFO o.a.j.JMeter: Default Locale=English (EN)
2021-04-07 17:01:25,413 INFO o.a.j.JMeter: JMeter  Locale=English (EN)
2021-04-07 17:01:25,413 INFO o.a.j.JMeter: JMeterHome=/Users/lingen/SOFT/apache-jmeter-5.4.1
2021-04-07 17:01:25,413 INFO o.a.j.JMeter: user.dir  =/Users/lingen/Developer/Myddd/myddd-vertx/example/document-bootstrap
2021-04-07 17:01:25,414 INFO o.a.j.JMeter: PWD       =/Users/lingen/Developer/Myddd/myddd-vertx/example/document-bootstrap
2021-04-07 17:01:25,420 INFO o.a.j.JMeter: IP: 127.0.0.1 Name: yujiandeMac-mini.local FullName: localhost
2021-04-07 17:01:26,086 INFO o.a.j.JMeter: Setting LAF to: com.github.weisj.darklaf.DarkLaf:com.github.weisj.darklaf.theme.DarculaTheme
2021-04-07 17:01:28,429 INFO o.a.j.JMeter: Loaded icon properties from org/apache/jmeter/images/icon.properties
2021-04-07 17:01:45,609 INFO o.a.j.s.FileServer: Default base='/Users/lingen/Developer/Myddd/myddd-vertx/example/document-bootstrap'
2021-04-07 17:01:45,618 INFO o.a.j.g.a.Load: Loading file: /Users/lingen/Desktop/myddd-vertx/myddd-vertx.jmx
2021-04-07 17:01:45,618 INFO o.a.j.s.FileServer: Set new base='/Users/lingen/Desktop/myddd-vertx'
2021-04-07 17:01:46,168 INFO o.a.j.s.SaveService: Testplan (JMX) version: 2.2. Testlog (JTL) version: 2.2
2021-04-07 17:01:46,213 INFO o.a.j.s.SaveService: Using SaveService properties version 5.0
2021-04-07 17:01:46,220 INFO o.a.j.s.SaveService: Using SaveService properties file encoding UTF-8
2021-04-07 17:01:46,224 INFO o.a.j.s.SaveService: Loading file: /Users/lingen/Desktop/myddd-vertx/myddd-vertx.jmx
2021-04-07 17:01:46,306 INFO o.a.j.p.h.s.HTTPSamplerBase: Parser for text/html is org.apache.jmeter.protocol.http.parser.LagartoBasedHtmlParser
2021-04-07 17:01:46,306 INFO o.a.j.p.h.s.HTTPSamplerBase: Parser for application/xhtml+xml is org.apache.jmeter.protocol.http.parser.LagartoBasedHtmlParser
2021-04-07 17:01:46,307 INFO o.a.j.p.h.s.HTTPSamplerBase: Parser for application/xml is org.apache.jmeter.protocol.http.parser.LagartoBasedHtmlParser
2021-04-07 17:01:46,307 INFO o.a.j.p.h.s.HTTPSamplerBase: Parser for text/xml is org.apache.jmeter.protocol.http.parser.LagartoBasedHtmlParser
2021-04-07 17:01:46,308 INFO o.a.j.p.h.s.HTTPSamplerBase: Parser for text/vnd.wap.wml is org.apache.jmeter.protocol.http.parser.RegexpHTMLParser
2021-04-07 17:01:46,308 INFO o.a.j.p.h.s.HTTPSamplerBase: Parser for text/css is org.apache.jmeter.protocol.http.parser.CssParser
2021-04-07 17:01:47,213 INFO o.a.j.s.SampleResult: Note: Sample TimeStamps are START times
2021-04-07 17:01:47,213 INFO o.a.j.s.SampleResult: sampleresult.default.encoding is set to ISO-8859-1
2021-04-07 17:01:47,214 INFO o.a.j.s.SampleResult: sampleresult.useNanoTime=true
2021-04-07 17:01:47,214 INFO o.a.j.s.SampleResult: sampleresult.nanoThreadSleep=5000
2021-04-07 17:01:47,571 INFO o.a.j.v.ViewResultsFullVisualizer: Add JavaFX to your Java installation if you want to use renderer: org.apache.jmeter.visualizers.RenderInBrowser
2021-04-07 17:01:47,773 INFO o.a.j.s.FileServer: Set new base='/Users/lingen/Desktop/myddd-vertx'
